

*******************************************************************************
Sun Nov 16 20:36:34 2014


FIT:    data read from "Temp_Shift_0,15.txt" using f1:f2:f3
        format = x:z:s
        x range restricted to [125.000 : 155.000]
BREAK:          No data to fit 



*******************************************************************************
Sun Nov 16 20:36:34 2014


FIT:    data read from "Temp_Shift_0,20.txt" using f1:f2:f3
        format = x:z:s
        x range restricted to [125.000 : 155.000]
BREAK:          No data to fit 



*******************************************************************************
Sun Nov 16 20:36:34 2014


FIT:    data read from "Temp_Shift_0,25.txt" using f1:f2:f3
        format = x:z:s
        x range restricted to [125.000 : 155.000]
BREAK:          No data to fit 



*******************************************************************************
Sun Nov 16 20:36:34 2014


FIT:    data read from "Temp_Shift_0,30.txt" using f1:f2:f3
        format = x:z:s
        x range restricted to [125.000 : 155.000]
BREAK:          No data to fit 



*******************************************************************************
Sun Nov 16 20:36:34 2014


FIT:    data read from "Temp_Shift_0,35.txt" using f1:f2:f3
        format = x:z:s
        x range restricted to [125.000 : 155.000]
BREAK:          No data to fit 



*******************************************************************************
Sun Nov 16 20:36:34 2014


FIT:    data read from "Temp_Shift_0,40.txt" using f1:f2:f3
        format = x:z:s
        x range restricted to [125.000 : 155.000]
BREAK:          No data to fit 



*******************************************************************************
Sun Nov 16 20:36:34 2014


FIT:    data read from "Temp_Shift_0,45.txt" using f1:f2:f3
        format = x:z:s
        x range restricted to [125.000 : 155.000]
BREAK:          No data to fit 



*******************************************************************************
Sun Nov 16 20:36:34 2014


FIT:    data read from "Temp_Shift_0,50.txt" using f1:f2:f3
        format = x:z:s
        x range restricted to [125.000 : 155.000]
BREAK:          No data to fit 



*******************************************************************************
Sun Nov 16 20:36:34 2014


FIT:    data read from "Temp_Shift_0,55.txt" using f1:f2:f3
        format = x:z:s
        x range restricted to [125.000 : 155.000]
BREAK:          No data to fit 



*******************************************************************************
Sun Nov 16 20:36:34 2014


FIT:    data read from "Temp_Shift_0,60.txt" using f1:f2:f3
        format = x:z:s
        x range restricted to [125.000 : 155.000]
BREAK:          No data to fit 



*******************************************************************************
Sun Nov 16 20:36:34 2014


FIT:    data read from "Temp_Shift_0,65.txt" using f1:f2:f3
        format = x:z:s
        x range restricted to [125.000 : 155.000]
BREAK:          No data to fit 



*******************************************************************************
Sun Nov 16 20:36:34 2014


FIT:    data read from "Temp_Shift_0,70.txt" using f1:f2:f3
        format = x:z:s
        x range restricted to [125.000 : 155.000]
BREAK:          No data to fit 



*******************************************************************************
Sun Nov 16 20:36:34 2014


FIT:    data read from "Temp_Shift_0,75.txt" using f1:f2:f3
        format = x:z:s
        x range restricted to [125.000 : 155.000]
BREAK:          No data to fit 



*******************************************************************************
Sun Nov 16 20:36:34 2014


FIT:    data read from "Temp_Shift_0,80.txt" using f1:f2:f3
        format = x:z:s
        x range restricted to [125.000 : 155.000]
BREAK:          No data to fit 



*******************************************************************************
Sun Nov 16 20:36:34 2014


FIT:    data read from "Temp_Shift_0,85.txt" using f1:f2:f3
        format = x:z:s
        x range restricted to [125.000 : 155.000]
BREAK:          No data to fit 



*******************************************************************************
Sun Nov 16 20:36:34 2014


FIT:    data read from "Temp_Shift_0,90.txt" using f1:f2:f3
        format = x:z:s
        x range restricted to [125.000 : 155.000]
BREAK:          No data to fit 



*******************************************************************************
Sun Nov 16 20:36:34 2014


FIT:    data read from "Temp_Shift_1,00.txt" using f1:f2:f3
        format = x:z:s
        x range restricted to [125.000 : 155.000]
BREAK:          No data to fit 



*******************************************************************************
Sun Nov 16 20:36:34 2014


FIT:    data read from "Temp_Shift_1,05.txt" using f1:f2:f3
        format = x:z:s
        x range restricted to [125.000 : 155.000]
BREAK:          No data to fit 



*******************************************************************************
Sun Nov 16 20:36:34 2014


FIT:    data read from "Temp_Shift_1,10.txt" using f1:f2:f3
        format = x:z:s
        x range restricted to [125.000 : 155.000]
BREAK:          No data to fit 



*******************************************************************************
Sun Nov 16 20:36:34 2014


FIT:    data read from "Temp_Shift_1,15.txt" using f1:f2:f3
        format = x:z:s
        x range restricted to [125.000 : 155.000]
BREAK:          No data to fit 



*******************************************************************************
Sun Nov 16 20:36:57 2014


FIT:    data read from "Temp_Shift_0,15.txt" using f1:f2:f3
        format = x:z:s
        x range restricted to [125.000 : 155.000]
BREAK:          No data to fit 



*******************************************************************************
Sun Nov 16 20:36:57 2014


FIT:    data read from "Temp_Shift_0,20.txt" using f1:f2:f3
        format = x:z:s
        x range restricted to [125.000 : 155.000]
BREAK:          No data to fit 



*******************************************************************************
Sun Nov 16 20:36:57 2014


FIT:    data read from "Temp_Shift_0,25.txt" using f1:f2:f3
        format = x:z:s
        x range restricted to [125.000 : 155.000]
BREAK:          No data to fit 



*******************************************************************************
Sun Nov 16 20:36:57 2014


FIT:    data read from "Temp_Shift_0,30.txt" using f1:f2:f3
        format = x:z:s
        x range restricted to [125.000 : 155.000]
BREAK:          No data to fit 



*******************************************************************************
Sun Nov 16 20:36:57 2014


FIT:    data read from "Temp_Shift_0,35.txt" using f1:f2:f3
        format = x:z:s
        x range restricted to [125.000 : 155.000]
BREAK:          No data to fit 



*******************************************************************************
Sun Nov 16 20:36:57 2014


FIT:    data read from "Temp_Shift_0,40.txt" using f1:f2:f3
        format = x:z:s
        x range restricted to [125.000 : 155.000]
BREAK:          No data to fit 



*******************************************************************************
Sun Nov 16 20:36:58 2014


FIT:    data read from "Temp_Shift_0,45.txt" using f1:f2:f3
        format = x:z:s
        x range restricted to [125.000 : 155.000]
BREAK:          No data to fit 



*******************************************************************************
Sun Nov 16 20:36:58 2014


FIT:    data read from "Temp_Shift_0,50.txt" using f1:f2:f3
        format = x:z:s
        x range restricted to [125.000 : 155.000]
BREAK:          No data to fit 



*******************************************************************************
Sun Nov 16 20:36:58 2014


FIT:    data read from "Temp_Shift_0,55.txt" using f1:f2:f3
        format = x:z:s
        x range restricted to [125.000 : 155.000]
BREAK:          No data to fit 



*******************************************************************************
Sun Nov 16 20:36:58 2014


FIT:    data read from "Temp_Shift_0,60.txt" using f1:f2:f3
        format = x:z:s
        x range restricted to [125.000 : 155.000]
BREAK:          No data to fit 



*******************************************************************************
Sun Nov 16 20:36:58 2014


FIT:    data read from "Temp_Shift_0,65.txt" using f1:f2:f3
        format = x:z:s
        x range restricted to [125.000 : 155.000]
BREAK:          No data to fit 



*******************************************************************************
Sun Nov 16 20:36:58 2014


FIT:    data read from "Temp_Shift_0,70.txt" using f1:f2:f3
        format = x:z:s
        x range restricted to [125.000 : 155.000]
BREAK:          No data to fit 



*******************************************************************************
Sun Nov 16 20:36:58 2014


FIT:    data read from "Temp_Shift_0,75.txt" using f1:f2:f3
        format = x:z:s
        x range restricted to [125.000 : 155.000]
BREAK:          No data to fit 



*******************************************************************************
Sun Nov 16 20:36:58 2014


FIT:    data read from "Temp_Shift_0,80.txt" using f1:f2:f3
        format = x:z:s
        x range restricted to [125.000 : 155.000]
BREAK:          No data to fit 



*******************************************************************************
Sun Nov 16 20:36:58 2014


FIT:    data read from "Temp_Shift_0,85.txt" using f1:f2:f3
        format = x:z:s
        x range restricted to [125.000 : 155.000]
BREAK:          No data to fit 



*******************************************************************************
Sun Nov 16 20:36:58 2014


FIT:    data read from "Temp_Shift_0,90.txt" using f1:f2:f3
        format = x:z:s
        x range restricted to [125.000 : 155.000]
BREAK:          No data to fit 



*******************************************************************************
Sun Nov 16 20:36:58 2014


FIT:    data read from "Temp_Shift_1,00.txt" using f1:f2:f3
        format = x:z:s
        x range restricted to [125.000 : 155.000]
BREAK:          No data to fit 



*******************************************************************************
Sun Nov 16 20:36:58 2014


FIT:    data read from "Temp_Shift_1,05.txt" using f1:f2:f3
        format = x:z:s
        x range restricted to [125.000 : 155.000]
BREAK:          No data to fit 



*******************************************************************************
Sun Nov 16 20:36:58 2014


FIT:    data read from "Temp_Shift_1,10.txt" using f1:f2:f3
        format = x:z:s
        x range restricted to [125.000 : 155.000]
BREAK:          No data to fit 



*******************************************************************************
Sun Nov 16 20:36:58 2014


FIT:    data read from "Temp_Shift_1,15.txt" using f1:f2:f3
        format = x:z:s
        x range restricted to [125.000 : 155.000]
BREAK:          No data to fit 

